This is pdfTeX, Version 3.141592653-2.6-1.40.26 (TeX Live 2024 - Flatpak) (preloaded format=pdflatex 2024.4.4)  31 MAY 2024 16:53
entering extended mode
 restricted \write18 enabled.
 %&-line parsing enabled.
**0_article.tex
(./0_article.tex
LaTeX2e <2023-11-01> patch level 1
L3 programming layer <2024-02-20>
(/app/texlive/texmf-dist/tex/latex/ieeetran/IEEEtran.cls
Document Class: IEEEtran 2015/08/26 V1.8b by Michael Shell
-- See the "IEEEtran_HOWTO" manual for usage information.
-- http://www.michaelshell.org/tex/ieeetran/
\@IEEEtrantmpdimenA=\dimen140
\@IEEEtrantmpdimenB=\dimen141
\@IEEEtrantmpdimenC=\dimen142
\@IEEEtrantmpcountA=\count188
\@IEEEtrantmpcountB=\count189
\@IEEEtrantmpcountC=\count190
\@IEEEtrantmptoksA=\toks17
LaTeX Font Info:    Trying to load font information for OT1+ptm on input line 5
03.
(/app/texlive/texmf-dist/tex/latex/psnfss/ot1ptm.fd
File: ot1ptm.fd 2001/06/04 font definitions for OT1/ptm.
)
-- Using 8.5in x 11in (letter) paper.
-- Using PDF output.
\@IEEEnormalsizeunitybaselineskip=\dimen143
-- This is a 10 point document.
\CLASSINFOnormalsizebaselineskip=\dimen144
\CLASSINFOnormalsizeunitybaselineskip=\dimen145
\IEEEnormaljot=\dimen146
LaTeX Font Info:    Font shape `OT1/ptm/bx/n' in size <5> not available
(Font)              Font shape `OT1/ptm/b/n' tried instead on input line 1090.
LaTeX Font Info:    Font shape `OT1/ptm/bx/it' in size <5> not available
(Font)              Font shape `OT1/ptm/b/it' tried instead on input line 1090.

LaTeX Font Info:    Font shape `OT1/ptm/bx/n' in size <7> not available
(Font)              Font shape `OT1/ptm/b/n' tried instead on input line 1090.
LaTeX Font Info:    Font shape `OT1/ptm/bx/it' in size <7> not available
(Font)              Font shape `OT1/ptm/b/it' tried instead on input line 1090.

LaTeX Font Info:    Font shape `OT1/ptm/bx/n' in size <8> not available
(Font)              Font shape `OT1/ptm/b/n' tried instead on input line 1090.
LaTeX Font Info:    Font shape `OT1/ptm/bx/it' in size <8> not available
(Font)              Font shape `OT1/ptm/b/it' tried instead on input line 1090.

LaTeX Font Info:    Font shape `OT1/ptm/bx/n' in size <9> not available
(Font)              Font shape `OT1/ptm/b/n' tried instead on input line 1090.
LaTeX Font Info:    Font shape `OT1/ptm/bx/it' in size <9> not available
(Font)              Font shape `OT1/ptm/b/it' tried instead on input line 1090.

LaTeX Font Info:    Font shape `OT1/ptm/bx/n' in size <10> not available
(Font)              Font shape `OT1/ptm/b/n' tried instead on input line 1090.
LaTeX Font Info:    Font shape `OT1/ptm/bx/it' in size <10> not available
(Font)              Font shape `OT1/ptm/b/it' tried instead on input line 1090.

LaTeX Font Info:    Font shape `OT1/ptm/bx/n' in size <11> not available
(Font)              Font shape `OT1/ptm/b/n' tried instead on input line 1090.
LaTeX Font Info:    Font shape `OT1/ptm/bx/it' in size <11> not available
(Font)              Font shape `OT1/ptm/b/it' tried instead on input line 1090.

LaTeX Font Info:    Font shape `OT1/ptm/bx/n' in size <12> not available
(Font)              Font shape `OT1/ptm/b/n' tried instead on input line 1090.
LaTeX Font Info:    Font shape `OT1/ptm/bx/it' in size <12> not available
(Font)              Font shape `OT1/ptm/b/it' tried instead on input line 1090.

LaTeX Font Info:    Font shape `OT1/ptm/bx/n' in size <17> not available
(Font)              Font shape `OT1/ptm/b/n' tried instead on input line 1090.
LaTeX Font Info:    Font shape `OT1/ptm/bx/it' in size <17> not available
(Font)              Font shape `OT1/ptm/b/it' tried instead on input line 1090.

LaTeX Font Info:    Font shape `OT1/ptm/bx/n' in size <20> not available
(Font)              Font shape `OT1/ptm/b/n' tried instead on input line 1090.
LaTeX Font Info:    Font shape `OT1/ptm/bx/it' in size <20> not available
(Font)              Font shape `OT1/ptm/b/it' tried instead on input line 1090.

LaTeX Font Info:    Font shape `OT1/ptm/bx/n' in size <24> not available
(Font)              Font shape `OT1/ptm/b/n' tried instead on input line 1090.
LaTeX Font Info:    Font shape `OT1/ptm/bx/it' in size <24> not available
(Font)              Font shape `OT1/ptm/b/it' tried instead on input line 1090.

\IEEEquantizedlength=\dimen147
\IEEEquantizedlengthdiff=\dimen148
\IEEEquantizedtextheightdiff=\dimen149
\IEEEilabelindentA=\dimen150
\IEEEilabelindentB=\dimen151
\IEEEilabelindent=\dimen152
\IEEEelabelindent=\dimen153
\IEEEdlabelindent=\dimen154
\IEEElabelindent=\dimen155
\IEEEiednormlabelsep=\dimen156
\IEEEiedmathlabelsep=\dimen157
\IEEEiedtopsep=\skip48
\c@section=\count191
\c@subsection=\count192
\c@subsubsection=\count193
\c@paragraph=\count194
\c@IEEEsubequation=\count195
\abovecaptionskip=\skip49
\belowcaptionskip=\skip50
\c@figure=\count196
\c@table=\count197
\@IEEEeqnnumcols=\count198
\@IEEEeqncolcnt=\count199
\@IEEEsubeqnnumrollback=\count266
\@IEEEquantizeheightA=\dimen158
\@IEEEquantizeheightB=\dimen159
\@IEEEquantizeheightC=\dimen160
\@IEEEquantizeprevdepth=\dimen161
\@IEEEquantizemultiple=\count267
\@IEEEquantizeboxA=\box51
\@IEEEtmpitemindent=\dimen162
\IEEEPARstartletwidth=\dimen163
\c@IEEEbiography=\count268
\@IEEEtranrubishbin=\box52
) (/app/texlive/texmf-dist/tex/latex/amsmath/amsmath.sty
Package: amsmath 2023/05/13 v2.17o AMS math features
\@mathmargin=\skip51

For additional information on amsmath, use the `?' option.
(/app/texlive/texmf-dist/tex/latex/amsmath/amstext.sty
Package: amstext 2021/08/26 v2.01 AMS text

(/app/texlive/texmf-dist/tex/latex/amsmath/amsgen.sty
File: amsgen.sty 1999/11/30 v2.0 generic functions
\@emptytoks=\toks18
\ex@=\dimen164
))
(/app/texlive/texmf-dist/tex/latex/amsmath/amsbsy.sty
Package: amsbsy 1999/11/29 v1.2d Bold Symbols
\pmbraise@=\dimen165
)
(/app/texlive/texmf-dist/tex/latex/amsmath/amsopn.sty
Package: amsopn 2022/04/08 v2.04 operator names
)
\inf@bad=\count269
LaTeX Info: Redefining \frac on input line 234.
\uproot@=\count270
\leftroot@=\count271
LaTeX Info: Redefining \overline on input line 399.
LaTeX Info: Redefining \colon on input line 410.
\classnum@=\count272
\DOTSCASE@=\count273
LaTeX Info: Redefining \ldots on input line 496.
LaTeX Info: Redefining \dots on input line 499.
LaTeX Info: Redefining \cdots on input line 620.
\Mathstrutbox@=\box53
\strutbox@=\box54
LaTeX Info: Redefining \big on input line 722.
LaTeX Info: Redefining \Big on input line 723.
LaTeX Info: Redefining \bigg on input line 724.
LaTeX Info: Redefining \Bigg on input line 725.
\big@size=\dimen166
LaTeX Font Info:    Redeclaring font encoding OML on input line 743.
LaTeX Font Info:    Redeclaring font encoding OMS on input line 744.
\macc@depth=\count274
LaTeX Info: Redefining \bmod on input line 905.
LaTeX Info: Redefining \pmod on input line 910.
LaTeX Info: Redefining \smash on input line 940.
LaTeX Info: Redefining \relbar on input line 970.
LaTeX Info: Redefining \Relbar on input line 971.
\c@MaxMatrixCols=\count275
\dotsspace@=\muskip16
\c@parentequation=\count276
\dspbrk@lvl=\count277
\tag@help=\toks19
\row@=\count278
\column@=\count279
\maxfields@=\count280
\andhelp@=\toks20
\eqnshift@=\dimen167
\alignsep@=\dimen168
\tagshift@=\dimen169
\tagwidth@=\dimen170
\totwidth@=\dimen171
\lineht@=\dimen172
\@envbody=\toks21
\multlinegap=\skip52
\multlinetaggap=\skip53
\mathdisplay@stack=\toks22
LaTeX Info: Redefining \[ on input line 2953.
LaTeX Info: Redefining \] on input line 2954.
)
(/app/texlive/texmf-dist/tex/latex/amsfonts/amsfonts.sty
Package: amsfonts 2013/01/14 v3.01 Basic AMSFonts support
\symAMSa=\mathgroup4
\symAMSb=\mathgroup5
LaTeX Font Info:    Redeclaring math symbol \hbar on input line 98.
LaTeX Font Info:    Overwriting math alphabet `\mathfrak' in version `bold'
(Font)                  U/euf/m/n --> U/euf/b/n on input line 106.
)
(/app/texlive/texmf-dist/tex/latex/algorithms/algorithmic.sty
Package: algorithmic 2009/08/24 v0.1 Document Style `algorithmic'

(/app/texlive/texmf-dist/tex/latex/base/ifthen.sty
Package: ifthen 2022/04/13 v1.1d Standard LaTeX ifthen package (DPC)
)
(/app/texlive/texmf-dist/tex/latex/graphics/keyval.sty
Package: keyval 2022/05/29 v1.15 key=value parser (DPC)
\KV@toks@=\toks23
)
\c@ALC@unique=\count281
\c@ALC@line=\count282
\c@ALC@rem=\count283
\c@ALC@depth=\count284
\ALC@tlm=\skip54
\algorithmicindent=\skip55
)
(/app/texlive/texmf-dist/tex/latex/algorithms/algorithm.sty
Package: algorithm 2009/08/24 v0.1 Document Style `algorithm' - floating enviro
nment

(/app/texlive/texmf-dist/tex/latex/float/float.sty
Package: float 2001/11/08 v1.3d Float enhancements (AL)
\c@float@type=\count285
\float@exts=\toks24
\float@box=\box55
\@float@everytoks=\toks25
\@floatcapt=\box56
)
\@float@every@algorithm=\toks26
\c@algorithm=\count286
)
(/app/texlive/texmf-dist/tex/latex/tools/array.sty
Package: array 2023/10/16 v2.5g Tabular extension package (FMi)
\col@sep=\dimen173
\ar@mcellbox=\box57
\extrarowheight=\dimen174
\NC@list=\toks27
\extratabsurround=\skip56
\backup@length=\skip57
\ar@cellbox=\box58
)
(/app/texlive/texmf-dist/tex/latex/mwe/mwe.sty
Package: mwe 2018/03/30 v0.5 Package to support minimal working examples (MWE)

(/app/texlive/texmf-dist/tex/latex/graphics/graphicx.sty
Package: graphicx 2021/09/16 v1.2d Enhanced LaTeX Graphics (DPC,SPQR)

(/app/texlive/texmf-dist/tex/latex/graphics/graphics.sty
Package: graphics 2022/03/10 v1.4e Standard LaTeX Graphics (DPC,SPQR)

(/app/texlive/texmf-dist/tex/latex/graphics/trig.sty
Package: trig 2021/08/11 v1.11 sin cos tan (DPC)
)
(/app/texlive/texmf-dist/tex/latex/graphics-cfg/graphics.cfg
File: graphics.cfg 2016/06/04 v1.11 sample graphics configuration
)
Package graphics Info: Driver file: pdftex.def on input line 107.

(/app/texlive/texmf-dist/tex/latex/graphics-def/pdftex.def
File: pdftex.def 2022/09/22 v1.2b Graphics/color driver for pdftex
))
\Gin@req@height=\dimen175
\Gin@req@width=\dimen176
)
(/app/texlive/texmf-dist/tex/latex/lipsum/lipsum.sty
(/app/texlive/texmf-dist/tex/latex/l3packages/l3keys2e/l3keys2e.sty
(/app/texlive/texmf-dist/tex/latex/l3kernel/expl3.sty
Package: expl3 2024-02-20 L3 programming layer (loader) 

(/app/texlive/texmf-dist/tex/latex/l3backend/l3backend-pdftex.def
File: l3backend-pdftex.def 2024-02-20 L3 backend support: PDF output (pdfTeX)
\l__color_backend_stack_int=\count287
\l__pdf_internal_box=\box59
))
Package: l3keys2e 2024-02-18 LaTeX2e option processing using LaTeX3 keys
)
Package: lipsum 2021-09-20 v2.7 150 paragraphs of Lorem Ipsum dummy text
\g__lipsum_par_int=\count288
\l__lipsum_a_int=\count289
\l__lipsum_b_int=\count290

(/app/texlive/texmf-dist/tex/latex/lipsum/lipsum.ltd.tex))
(/app/texlive/texmf-dist/tex/latex/blindtext/blindtext.sty
Package: blindtext 2012/01/06 V2.0 blindtext-Package

(/app/texlive/texmf-dist/tex/latex/tools/xspace.sty
Package: xspace 2014/10/28 v1.13 Space after command names (DPC,MH)
)
\c@blindtext=\count291
\c@Blindtext=\count292
\c@blind@countparstart=\count293
\blind@countxx=\count294
\blindtext@numBlindtext=\count295
\blind@countyy=\count296
\c@blindlist=\count297
\c@blindlistlevel=\count298
\c@blindlist@level=\count299
\blind@listitem=\count300
\c@blind@listcount=\count301
\c@blind@levelcount=\count302
\blind@mathformula=\count303
\blind@Mathformula=\count304
\c@blind@randomcount=\count305
\c@blind@randommax=\count306
\c@blind@pangramcount=\count307
\c@blind@pangrammax=\count308
))
(/app/texlive/texmf-dist/tex/latex/colortbl/colortbl.sty
Package: colortbl 2024/02/20 v1.0g Color table columns (DPC)

(/app/texlive/texmf-dist/tex/latex/graphics/color.sty
Package: color 2022/01/06 v1.3d Standard LaTeX Color (DPC)

(/app/texlive/texmf-dist/tex/latex/graphics-cfg/color.cfg
File: color.cfg 2016/01/02 v1.6 sample color configuration
)
Package color Info: Driver file: pdftex.def on input line 149.

(/app/texlive/texmf-dist/tex/latex/graphics/mathcolor.ltx))
\everycr=\toks28
\minrowclearance=\skip58
\rownum=\count309
)
(/app/texlive/texmf-dist/tex/latex/multirow/multirow.sty
Package: multirow 2021/03/15 v2.8 Span multiple rows of a table
\multirow@colwidth=\skip59
\multirow@cntb=\count310
\multirow@dima=\skip60
\bigstrutjot=\dimen177
)
(/app/texlive/texmf-dist/tex/latex/subfig/subfig.sty
Package: subfig 2005/06/28 ver: 1.3 subfig package

(/app/texlive/texmf-dist/tex/latex/caption/caption3.sty
Package: caption3 2023/07/31 v2.4d caption3 kernel (AR)
\caption@tempdima=\dimen178
\captionmargin=\dimen179
\caption@leftmargin=\dimen180
\caption@rightmargin=\dimen181
\caption@width=\dimen182
\caption@indent=\dimen183
\caption@parindent=\dimen184
\caption@hangindent=\dimen185
Package caption Info: Unknown document class (or package),
(caption)             standard defaults will be used.
Package caption Info: \@makecaption = \long macro:#1#2->\ifx \@captype \@IEEEta
blestring \footnotesize \bgroup \par \centering \@IEEEtabletopskipstrut {\norma
lfont \footnotesize #1}\\{\normalfont \footnotesize \scshape #2}\par \addvspace
 {0.5\baselineskip }\egroup \@IEEEtablecaptionsepspace \else \@IEEEfigurecaptio
nsepspace \setbox \@tempboxa \hbox {\normalfont \footnotesize {#1.}\nobreakspac
e \nobreakspace #2}\ifdim \wd \@tempboxa >\hsize \setbox \@tempboxa \hbox {\nor
malfont \footnotesize {#1.}\nobreakspace \nobreakspace }\parbox [t]{\hsize }{\n
ormalfont \footnotesize \noindent \unhbox \@tempboxa #2}\else \ifCLASSOPTIONcon
ference \hbox to\hsize {\normalfont \footnotesize \hfil \box \@tempboxa \hfil }
\else \hbox to\hsize {\normalfont \footnotesize \box \@tempboxa \hfil }\fi \fi 
\fi  on input line 1175.
)
\c@KVtest=\count311
\sf@farskip=\skip61
\sf@captopadj=\dimen186
\sf@capskip=\skip62
\sf@nearskip=\skip63
\c@subfigure=\count312
\c@subfigure@save=\count313
\c@lofdepth=\count314
\c@subtable=\count315
\c@subtable@save=\count316
\c@lotdepth=\count317
\sf@top=\skip64
\sf@bottom=\skip65
)
(/app/texlive/texmf-dist/tex/latex/base/textcomp.sty
Package: textcomp 2020/02/02 v2.0n Standard LaTeX package
)
(/app/texlive/texmf-dist/tex/latex/sttools/stfloats.sty
Package: stfloats 2017/03/27 v3.3 Improve float mechanism and baselineskip sett
ings
\@dblbotnum=\count318
\c@dblbotnumber=\count319
)
(/app/texlive/texmf-dist/tex/latex/url/url.sty
\Urlmuskip=\muskip17
Package: url 2013/09/16  ver 3.4  Verb mode for urls, etc.
)
(/app/texlive/texmf-dist/tex/latex/tools/verbatim.sty
Package: verbatim 2023-11-06 v1.5v LaTeX2e package for verbatim enhancements
\every@verbatim=\toks29
\verbatim@line=\toks30
\verbatim@in@stream=\read2
)
(/app/texlive/texmf-dist/tex/latex/cite/cite.sty
LaTeX Info: Redefining \cite on input line 302.
LaTeX Info: Redefining \nocite on input line 332.
Package: cite 2015/02/27  v 5.5
)
(/app/texlive/texmf-dist/tex/latex/xcolor/xcolor.sty
Package: xcolor 2023/11/15 v3.01 LaTeX color extensions (UK)

(/app/texlive/texmf-dist/tex/latex/graphics-cfg/color.cfg
File: color.cfg 2016/01/02 v1.6 sample color configuration
)
Package xcolor Info: Driver file: pdftex.def on input line 274.
LaTeX Info: Redefining \color on input line 758.

(/app/texlive/texmf-dist/tex/latex/graphics/mathcolor.ltx)
Package xcolor Info: Model `cmy' substituted by `cmy0' on input line 1350.
Package xcolor Info: Model `hsb' substituted by `rgb' on input line 1354.
Package xcolor Info: Model `RGB' extended on input line 1366.
Package xcolor Info: Model `HTML' substituted by `rgb' on input line 1368.
Package xcolor Info: Model `Hsb' substituted by `hsb' on input line 1369.
Package xcolor Info: Model `tHsb' substituted by `hsb' on input line 1370.
Package xcolor Info: Model `HSB' substituted by `hsb' on input line 1371.
Package xcolor Info: Model `Gray' substituted by `gray' on input line 1372.
Package xcolor Info: Model `wave' substituted by `hsb' on input line 1373.
)
(/app/texlive/texmf-dist/tex/latex/tools/tabularx.sty
Package: tabularx 2023/07/08 v2.11c `tabularx' package (DPC)
\TX@col@width=\dimen187
\TX@old@table=\dimen188
\TX@old@col=\dimen189
\TX@target=\dimen190
\TX@delta=\dimen191
\TX@cols=\count320
\TX@ftn=\toks31
)
(/app/texlive/texmf-dist/tex/latex/caption/caption.sty
Package: caption 2023/08/05 v3.6o Customizing captions (AR)


Package caption Warning: Unknown document class (or package),
(caption)                standard defaults will be used.
See the caption package documentation for explanation.

\c@caption@flags=\count321
\c@continuedfloat=\count322
Package caption Info: float package is loaded.
) (/app/texlive/texmf-dist/tex/latex/caption/subcaption.sty
Package: subcaption 2023/07/28 v1.6b Sub-captions (AR)
LaTeX Info: Redefining \subref on input line 189.
Package subcaption Info: The counter `subfigure' was already defined by
(subcaption)             \newsubfloat (offered by the subfig package) on input 
line 238.
Package subcaption Info: The counter `subtable' was already defined by
(subcaption)             \newsubfloat (offered by the subfig package) on input 
line 238.
)
(/app/texlive/texmf-dist/tex/latex/fancybox/fancybox.sty
Package: fancybox 2010/05/15 1.4

Style option: `fancybox' v1.4 <2010/05/15> (tvz)
\@fancybox=\box60
\shadowsize=\dimen192
\@Sbox=\box61
\do@VerbBox=\toks32
\the@fancyput=\toks33
\this@fancyput=\toks34
\EndVerbatimTokens=\toks35
\Verbatim@Outfile=\write3
\Verbatim@Infile=\read3
) (/app/texlive/texmf-dist/tex/latex/base/inputenc.sty
Package: inputenc 2021/02/14 v1.3d Input encoding file
\inpenc@prehook=\toks36
\inpenc@posthook=\toks37
)
(/app/texlive/texmf-dist/tex/latex/showlabels/showlabels.sty
Package: showlabels 2022/07/18 v1.9.2

Package: `showlabels' v1.9.2 <2022/07/18>
with amsmath equation tags
\SL@labelposition=\count323
) (/app/texlive/texmf-dist/tex/latex/preprint/balance.sty
Package: balance 1999/02/23 4.3 (PWD)
\oldvsize=\dimen193
)

LaTeX Warning: Unused global option(s):
    [lettersize].

(./0_article.aux)
\openout1 = `0_article.aux'.

LaTeX Font Info:    Checking defaults for OML/cmm/m/it on input line 43.
LaTeX Font Info:    ... okay on input line 43.
LaTeX Font Info:    Checking defaults for OMS/cmsy/m/n on input line 43.
LaTeX Font Info:    ... okay on input line 43.
LaTeX Font Info:    Checking defaults for OT1/cmr/m/n on input line 43.
LaTeX Font Info:    ... okay on input line 43.
LaTeX Font Info:    Checking defaults for T1/cmr/m/n on input line 43.
LaTeX Font Info:    ... okay on input line 43.
LaTeX Font Info:    Checking defaults for TS1/cmr/m/n on input line 43.
LaTeX Font Info:    ... okay on input line 43.
LaTeX Font Info:    Checking defaults for OMX/cmex/m/n on input line 43.
LaTeX Font Info:    ... okay on input line 43.
LaTeX Font Info:    Checking defaults for U/cmr/m/n on input line 43.
LaTeX Font Info:    ... okay on input line 43.

-- Lines per column: 58 (exact).
(/app/texlive/texmf-dist/tex/context/base/mkii/supp-pdf.mkii
[Loading MPS to PDF converter (version 2006.09.02).]
\scratchcounter=\count324
\scratchdimen=\dimen194
\scratchbox=\box62
\nofMPsegments=\count325
\nofMParguments=\count326
\everyMPshowfont=\toks38
\MPscratchCnt=\count327
\MPscratchDim=\dimen195
\MPnumerator=\count328
\makeMPintoPDFobject=\count329
\everyMPtoPDFconversion=\toks39
) (/app/texlive/texmf-dist/tex/latex/epstopdf-pkg/epstopdf-base.sty
Package: epstopdf-base 2020-01-24 v2.11 Base part for package epstopdf
Package epstopdf-base Info: Redefining graphics rule for `.eps' on input line 4
85.

(/app/texlive/texmf-dist/tex/latex/latexconfig/epstopdf-sys.cfg
File: epstopdf-sys.cfg 2010/07/13 v1.3 Configuration of (r)epstopdf for TeX Liv
e
))
Package caption Info: Begin \AtBeginDocument code.
Package caption Info: subfig package v1.3 is loaded.
Package caption Info: End \AtBeginDocument code.

(./0_abstract.tex
LaTeX Font Info:    Trying to load font information for U+msa on input line 12.

 (/app/texlive/texmf-dist/tex/latex/amsfonts/umsa.fd
File: umsa.fd 2013/01/14 v3.01 AMS symbols A
)
LaTeX Font Info:    Trying to load font information for U+msb on input line 12.


(/app/texlive/texmf-dist/tex/latex/amsfonts/umsb.fd
File: umsb.fd 2013/01/14 v3.01 AMS symbols B
)) (./1_intro.tex
Package textcomp Info: Symbol \textrightarrow not provided by
(textcomp)             font family ptm in TS1 encoding.
(textcomp)             Default family used instead on input line 22.
Package textcomp Info: Symbol \textrightarrow not provided by
(textcomp)             font family ptm in TS1 encoding.
(textcomp)             Default family used instead on input line 23.
Package textcomp Info: Symbol \textrightarrow not provided by
(textcomp)             font family ptm in TS1 encoding.
(textcomp)             Default family used instead on input line 24.

(./langerFigure.tex
<./figures/langerBBI.jpg, id=1, 645.41125pt x 889.3225pt>
File: ./figures/langerBBI.jpg Graphic file (type jpg)
<use ./figures/langerBBI.jpg>
Package pdftex.def Info: ./figures/langerBBI.jpg  used on input line 6.
(pdftex.def)             Requested size: 50.39923pt x 69.43744pt.
<./figures/em-fi-bbi-probe-20-black.jpg, id=2, 1323.9864pt x 795.9336pt>
File: ./figures/em-fi-bbi-probe-20-black.jpg Graphic file (type jpg)
<use ./figures/em-fi-bbi-probe-20-black.jpg>
Package pdftex.def Info: ./figures/em-fi-bbi-probe-20-black.jpg  used on input 
line 8.
(pdftex.def)             Requested size: 107.10077pt x 64.38039pt.
LaTeX Font Info:    Trying to load font information for OT1+pcr on input line 1
0.
 (/app/texlive/texmf-dist/tex/latex/psnfss/ot1pcr.fd
File: ot1pcr.fd 2001/06/04 font definitions for OT1/pcr.
)))
(./ic_modeling_v2.tex [1{/app/texlive/texmf-dist/fonts/map/pdftex/updmap/pdftex
.map}{/app/texlive/texmf-dist/fonts/enc/dvips/base/8r.enc}


{/app/texlive/texmf-dist/fonts/enc/dvips/cm-super/cm-super-ts1.enc} <./figures/
langerBBI.jpg> <./figures/em-fi-bbi-probe-20-black.jpg>]
Package textcomp Info: Symbol \textrightarrow not provided by
(textcomp)             font family ptm in TS1 encoding.
(textcomp)             Default family used instead on input line 14.
Package textcomp Info: Symbol \textrightarrow not provided by
(textcomp)             font family ptm in TS1 encoding.
(textcomp)             Default family used instead on input line 14.
 (./figures/fig_alimnetwork.tex
<./figures/psu_std_cell.pdf, id=15, 540.60239pt x 301.59921pt>
File: ./figures/psu_std_cell.pdf Graphic file (type pdf)
<use ./figures/psu_std_cell.pdf>
Package pdftex.def Info: ./figures/psu_std_cell.pdf  used on input line 6.
(pdftex.def)             Requested size: 252.84283pt x 141.06134pt.

Overfull \hbox (0.84283pt too wide) in paragraph at lines 6--7
 [][] 
 []

)
LaTeX Font Info:    Trying to load font information for TS1+ptm on input line 4
5.
 (/app/texlive/texmf-dist/tex/latex/psnfss/ts1ptm.fd
File: ts1ptm.fd 2001/06/04 font definitions for TS1/ptm.
) (./mos_passive.tex
<./figures/std_cell_logic_passive.pdf, id=16, 341.43306pt x 170.71654pt>
File: ./figures/std_cell_logic_passive.pdf Graphic file (type pdf)
<use ./figures/std_cell_logic_passive.pdf>
Package pdftex.def Info: ./figures/std_cell_logic_passive.pdf  used on input li
ne 6.
(pdftex.def)             Requested size: 252.0pt x 126.00262pt.
)
(./figures/fig_substrate.tex
<./figures/substrate_2.pdf, id=17, 301.59921pt x 312.9803pt>
File: ./figures/substrate_2.pdf Graphic file (type pdf)
<use ./figures/substrate_2.pdf>
Package pdftex.def Info: ./figures/substrate_2.pdf  used on input line 6.
(pdftex.def)             Requested size: 206.39685pt x 214.18484pt.


LaTeX Warning: `h' float specifier changed to `ht'.

)
Underfull \hbox (badness 3148) in paragraph at lines 66--67
[]\OT1/ptm/m/n/10 In the triple-well sub-strate, the NMOS tran-sis-tors
 []

[2 <./figures/psu_std_cell.pdf> <./figures/std_cell_logic_passive.pdf

pdfTeX warning: /app/texlive/bin/x86_64-linux/pdflatex (file ./figures/std_cell
_logic_passive.pdf): PDF inclusion: multiple pdfs with page group included in a
 single page
>] (./figures/fig_stdcellmodel.tex
<./figures/dual+triple2.png, id=38, 3011.25pt x 1912.14375pt>
File: ./figures/dual+triple2.png Graphic file (type png)
<use ./figures/dual+triple2.png>
Package pdftex.def Info: ./figures/dual+triple2.png  used on input line 6.
(pdftex.def)             Requested size: 490.19843pt x 311.25945pt.
) (./table_op_point.tex) (./simuResults.tex
[3 <./figures/substrate_2.pdf>]

pdfTeX warning: /app/texlive/bin/x86_64-linux/pdflatex (file ./figures/modelesS
imusResul/dualWell/negative/vddMgndManuscrit-cropped.pdf): PDF inclusion: found
 PDF version <1.7>, but at most version <1.5> allowed
<./figures/modelesSimusResul/dualWell/negative/vddMgndManuscrit-cropped.pdf, id
=55, 535.2497pt x 362.85562pt>
File: ./figures/modelesSimusResul/dualWell/negative/vddMgndManuscrit-cropped.pd
f Graphic file (type pdf)
<use ./figures/modelesSimusResul/dualWell/negative/vddMgndManuscrit-cropped.pdf
>
Package pdftex.def Info: ./figures/modelesSimusResul/dualWell/negative/vddMgndM
anuscrit-cropped.pdf  used on input line 11.
(pdftex.def)             Requested size: 252.0pt x 170.8356pt.
LaTeX Font Info:    Trying to load font information for OT1+phv on input line 1
1.
(/app/texlive/texmf-dist/tex/latex/psnfss/ot1phv.fd
File: ot1phv.fd 2020/03/25 scalable font definitions for OT1/phv.
)

pdfTeX warning: /app/texlive/bin/x86_64-linux/pdflatex (file ./figures/modelesS
imusResul/dualWell/negative/iEpiDualWellManuscrit-cropped.pdf): PDF inclusion: 
found PDF version <1.7>, but at most version <1.5> allowed
<./figures/modelesSimusResul/dualWell/negative/iEpiDualWellManuscrit-cropped.pd
f, id=56, 558.58687pt x 362.85562pt>
File: ./figures/modelesSimusResul/dualWell/negative/iEpiDualWellManuscrit-cropp
ed.pdf Graphic file (type pdf)
<use ./figures/modelesSimusResul/dualWell/negative/iEpiDualWellManuscrit-croppe
d.pdf>
Package pdftex.def Info: ./figures/modelesSimusResul/dualWell/negative/iEpiDual
WellManuscrit-cropped.pdf  used on input line 14.
(pdftex.def)             Requested size: 252.0pt x 163.69878pt.


pdfTeX warning: /app/texlive/bin/x86_64-linux/pdflatex (file ./figures/modelesS
imusResul/dualWell/negative/iSubcManuscrit-cropped.pdf): PDF inclusion: found P
DF version <1.7>, but at most version <1.5> allowed
<./figures/modelesSimusResul/dualWell/negative/iSubcManuscrit-cropped.pdf, id=5
7, 798.73407pt x 224.33812pt>
File: ./figures/modelesSimusResul/dualWell/negative/iSubcManuscrit-cropped.pdf 
Graphic file (type pdf)
<use ./figures/modelesSimusResul/dualWell/negative/iSubcManuscrit-cropped.pdf>
Package pdftex.def Info: ./figures/modelesSimusResul/dualWell/negative/iSubcMan
uscrit-cropped.pdf  used on input line 17.
(pdftex.def)             Requested size: 252.0pt x 70.77641pt.


pdfTeX warning: /app/texlive/bin/x86_64-linux/pdflatex (file ./figures/modelesS
imusResul/dualWell/negative/CurrentDistributionNormT140eT10_ExcDw-cropped.pdf):
 PDF inclusion: found PDF version <1.7>, but at most version <1.5> allowed
<./figures/modelesSimusResul/dualWell/negative/CurrentDistributionNormT140eT10_
ExcDw-cropped.pdf, id=58, 706.13812pt x 234.8775pt>
File: ./figures/modelesSimusResul/dualWell/negative/CurrentDistributionNormT140
eT10_ExcDw-cropped.pdf Graphic file (type pdf)
<use ./figures/modelesSimusResul/dualWell/negative/CurrentDistributionNormT140e
T10_ExcDw-cropped.pdf>
Package pdftex.def Info: ./figures/modelesSimusResul/dualWell/negative/CurrentD
istributionNormT140eT10_ExcDw-cropped.pdf  used on input line 20.
(pdftex.def)             Requested size: 252.0pt x 83.82112pt.
<./figures/modelesSimusResul/dualWell/positive/pdn_dw_positif300.pdf, id=59, 55
5.57562pt x 365.11406pt>
File: ./figures/modelesSimusResul/dualWell/positive/pdn_dw_positif300.pdf Graph
ic file (type pdf)
<use ./figures/modelesSimusResul/dualWell/positive/pdn_dw_positif300.pdf>
Package pdftex.def Info: ./figures/modelesSimusResul/dualWell/positive/pdn_dw_p
ositif300.pdf  used on input line 30.
(pdftex.def)             Requested size: 252.0pt x 165.60902pt.
<./figures/modelesSimusResul/dualWell/positive/iepi_dw_positif300.pdf, id=60, 5
50.47705pt x 365.62901pt>
File: ./figures/modelesSimusResul/dualWell/positive/iepi_dw_positif300.pdf Grap
hic file (type pdf)
<use ./figures/modelesSimusResul/dualWell/positive/iepi_dw_positif300.pdf>
Package pdftex.def Info: ./figures/modelesSimusResul/dualWell/positive/iepi_dw_
positif300.pdf  used on input line 33.
(pdftex.def)             Requested size: 252.0pt x 167.37685pt.
<./figures/modelesSimusResul/dualWell/positive/isub_dw_positif300.pdf, id=61, 7
89.33653pt x 227.99149pt>
File: ./figures/modelesSimusResul/dualWell/positive/isub_dw_positif300.pdf Grap
hic file (type pdf)
<use ./figures/modelesSimusResul/dualWell/positive/isub_dw_positif300.pdf>
Package pdftex.def Info: ./figures/modelesSimusResul/dualWell/positive/isub_dw_
positif300.pdf  used on input line 36.
(pdftex.def)             Requested size: 252.0pt x 72.78482pt.


pdfTeX warning: /app/texlive/bin/x86_64-linux/pdflatex (file ./figures/modelesS
imusResul/dualWell/positive/isubDensity_dw_positif300-cropped.pdf): PDF inclusi
on: found PDF version <1.7>, but at most version <1.5> allowed
<./figures/modelesSimusResul/dualWell/positive/isubDensity_dw_positif300-croppe
d.pdf, id=62, 706.13812pt x 234.8775pt>
File: ./figures/modelesSimusResul/dualWell/positive/isubDensity_dw_positif300-c
ropped.pdf Graphic file (type pdf)
<use ./figures/modelesSimusResul/dualWell/positive/isubDensity_dw_positif300-cr
opped.pdf>
Package pdftex.def Info: ./figures/modelesSimusResul/dualWell/positive/isubDens
ity_dw_positif300-cropped.pdf  used on input line 39.
(pdftex.def)             Requested size: 252.0pt x 83.82112pt.


pdfTeX warning: /app/texlive/bin/x86_64-linux/pdflatex (file ./figures/modelesS
imusResul/tripleWell/negative/vddMgndManuscritTw-cropped.pdf): PDF inclusion: f
ound PDF version <1.7>, but at most version <1.5> allowed
<./figures/modelesSimusResul/tripleWell/negative/vddMgndManuscritTw-cropped.pdf
, id=63, 544.28343pt x 362.85562pt>
File: ./figures/modelesSimusResul/tripleWell/negative/vddMgndManuscritTw-croppe
d.pdf Graphic file (type pdf)
<use ./figures/modelesSimusResul/tripleWell/negative/vddMgndManuscritTw-cropped
.pdf>
Package pdftex.def Info: ./figures/modelesSimusResul/tripleWell/negative/vddMgn
dManuscritTw-cropped.pdf  used on input line 49.
(pdftex.def)             Requested size: 252.0pt x 167.99527pt.


pdfTeX warning: /app/texlive/bin/x86_64-linux/pdflatex (file ./figures/modelesS
imusResul/tripleWell/negative/iEpiTripleWellManuscrit-cropped.pdf): PDF inclusi
on: found PDF version <1.7>, but at most version <1.5> allowed
<./figures/modelesSimusResul/tripleWell/negative/iEpiTripleWellManuscrit-croppe
d.pdf, id=64, 551.81157pt x 362.85562pt>
File: ./figures/modelesSimusResul/tripleWell/negative/iEpiTripleWellManuscrit-c
ropped.pdf Graphic file (type pdf)
<use ./figures/modelesSimusResul/tripleWell/negative/iEpiTripleWellManuscrit-cr
opped.pdf>
Package pdftex.def Info: ./figures/modelesSimusResul/tripleWell/negative/iEpiTr
ipleWellManuscrit-cropped.pdf  used on input line 52.
(pdftex.def)             Requested size: 252.0pt x 165.7086pt.


pdfTeX warning: /app/texlive/bin/x86_64-linux/pdflatex (file ./figures/modelesS
imusResul/tripleWell/negative/iSubcManuscritTws-cropped.pdf): PDF inclusion: fo
und PDF version <1.7>, but at most version <1.5> allowed
<./figures/modelesSimusResul/tripleWell/negative/iSubcManuscritTws-cropped.pdf,
 id=65, 803.25093pt x 224.33812pt>
File: ./figures/modelesSimusResul/tripleWell/negative/iSubcManuscritTws-cropped
.pdf Graphic file (type pdf)
<use ./figures/modelesSimusResul/tripleWell/negative/iSubcManuscritTws-cropped.
pdf>
Package pdftex.def Info: ./figures/modelesSimusResul/tripleWell/negative/iSubcM
anuscritTws-cropped.pdf  used on input line 55.
(pdftex.def)             Requested size: 252.0pt x 70.37933pt.


pdfTeX warning: /app/texlive/bin/x86_64-linux/pdflatex (file ./figures/modelesS
imusResul/tripleWell/negative/CurrentDistributionNormT140eT10_ExcTw-cropped.pdf
): PDF inclusion: found PDF version <1.7>, but at most version <1.5> allowed
<./figures/modelesSimusResul/tripleWell/negative/CurrentDistributionNormT140eT1
0_ExcTw-cropped.pdf, id=66, 706.13812pt x 234.8775pt>
File: ./figures/modelesSimusResul/tripleWell/negative/CurrentDistributionNormT1
40eT10_ExcTw-cropped.pdf Graphic file (type pdf)
<use ./figures/modelesSimusResul/tripleWell/negative/CurrentDistributionNormT14
0eT10_ExcTw-cropped.pdf>
Package pdftex.def Info: ./figures/modelesSimusResul/tripleWell/negative/Curren
tDistributionNormT140eT10_ExcTw-cropped.pdf  used on input line 58.
(pdftex.def)             Requested size: 252.0pt x 83.82112pt.
<./figures/modelesSimusResul/tripleWell/positive/pdn_tw_positif300.pdf, id=67, 
536.78993pt x 364.1234pt>
File: ./figures/modelesSimusResul/tripleWell/positive/pdn_tw_positif300.pdf Gra
phic file (type pdf)
<use ./figures/modelesSimusResul/tripleWell/positive/pdn_tw_positif300.pdf>
Package pdftex.def Info: ./figures/modelesSimusResul/tripleWell/positive/pdn_tw
_positif300.pdf  used on input line 68.
(pdftex.def)             Requested size: 252.0pt x 170.93799pt.
<./figures/modelesSimusResul/tripleWell/positive/iepi_tw_positif300.pdf, id=68,
 549.72423pt x 364.8762pt>
File: ./figures/modelesSimusResul/tripleWell/positive/iepi_tw_positif300.pdf Gr
aphic file (type pdf)
<use ./figures/modelesSimusResul/tripleWell/positive/iepi_tw_positif300.pdf>
Package pdftex.def Info: ./figures/modelesSimusResul/tripleWell/positive/iepi_t
w_positif300.pdf  used on input line 71.
(pdftex.def)             Requested size: 252.0pt x 167.26048pt.
<./figures/modelesSimusResul/tripleWell/positive/isub_tw_positif300.pdf, id=69,
 788.58371pt x 227.99149pt>
File: ./figures/modelesSimusResul/tripleWell/positive/isub_tw_positif300.pdf Gr
aphic file (type pdf)
<use ./figures/modelesSimusResul/tripleWell/positive/isub_tw_positif300.pdf>
Package pdftex.def Info: ./figures/modelesSimusResul/tripleWell/positive/isub_t
w_positif300.pdf  used on input line 74.
(pdftex.def)             Requested size: 252.0pt x 72.85439pt.


pdfTeX warning: /app/texlive/bin/x86_64-linux/pdflatex (file ./figures/modelesS
imusResul/tripleWell/positive/isubDensity_tw_positif300-cropped.pdf): PDF inclu
sion: found PDF version <1.7>, but at most version <1.5> allowed
<./figures/modelesSimusResul/tripleWell/positive/isubDensity_tw_positif300-crop
ped.pdf, id=70, 706.13812pt x 234.8775pt>
File: ./figures/modelesSimusResul/tripleWell/positive/isubDensity_tw_positif300
-cropped.pdf Graphic file (type pdf)
<use ./figures/modelesSimusResul/tripleWell/positive/isubDensity_tw_positif300-
cropped.pdf>
Package pdftex.def Info: ./figures/modelesSimusResul/tripleWell/positive/isubDe
nsity_tw_positif300-cropped.pdf  used on input line 77.
(pdftex.def)             Requested size: 252.0pt x 83.82112pt.
)
Underfull \vbox (badness 10000) has occurred while \output is active []

 [4 <./figures/dual+triple2.png>] [5 <./figures/modelesSimusResul/dualWell/nega
tive/vddMgndManuscrit-cropped.pdf> <./figures/modelesSimusResul/dualWell/negati
ve/iEpiDualWellManuscrit-cropped.pdf> <./figures/modelesSimusResul/dualWell/neg
ative/iSubcManuscrit-cropped.pdf> <./figures/modelesSimusResul/dualWell/negativ
e/CurrentDistributionNormT140eT10_ExcDw-cropped.pdf> <./figures/modelesSimusRes
ul/dualWell/positive/pdn_dw_positif300.pdf> <./figures/modelesSimusResul/dualWe
ll/positive/iepi_dw_positif300.pdf

pdfTeX warning: /app/texlive/bin/x86_64-linux/pdflatex (file ./figures/modelesS
imusResul/dualWell/positive/iepi_dw_positif300.pdf): PDF inclusion: multiple pd
fs with page group included in a single page
> <./figures/modelesSimusResul/dualWell/positive/isub_dw_positif300.pdf

pdfTeX warning: /app/texlive/bin/x86_64-linux/pdflatex (file ./figures/modelesS
imusResul/dualWell/positive/isub_dw_positif300.pdf): PDF inclusion: multiple pd
fs with page group included in a single page
> <./figures/modelesSimusResul/dualWell/positive/isubDensity_dw_positif300-crop
ped.pdf>] [6 <./figures/modelesSimusResul/tripleWell/negative/vddMgndManuscritT
w-cropped.pdf> <./figures/modelesSimusResul/tripleWell/negative/iEpiTripleWellM
anuscrit-cropped.pdf> <./figures/modelesSimusResul/tripleWell/negative/iSubcMan
uscritTws-cropped.pdf> <./figures/modelesSimusResul/tripleWell/negative/Current
DistributionNormT140eT10_ExcTw-cropped.pdf> <./figures/modelesSimusResul/triple
Well/positive/pdn_tw_positif300.pdf> <./figures/modelesSimusResul/tripleWell/po
sitive/iepi_tw_positif300.pdf

pdfTeX warning: /app/texlive/bin/x86_64-linux/pdflatex (file ./figures/modelesS
imusResul/tripleWell/positive/iepi_tw_positif300.pdf): PDF inclusion: multiple 
pdfs with page group included in a single page
> <./figures/modelesSimusResul/tripleWell/positive/isub_tw_positif300.pdf

pdfTeX warning: /app/texlive/bin/x86_64-linux/pdflatex (file ./figures/modelesS
imusResul/tripleWell/positive/isub_tw_positif300.pdf): PDF inclusion: multiple 
pdfs with page group included in a single page
> <./figures/modelesSimusResul/tripleWell/positive/isubDensity_tw_positif300-cr
opped.pdf>] (./dw_tw_table.tex

LaTeX Warning: No positions in optional float specifier.
               Default added (so using `tbp') on input line 4.

)) (./ic_model_valid.tex (./figures/stmphoto.tex
<./figures/stmPhotoImshow.pdf, id=1019, 293.59688pt x 234.8775pt>
File: ./figures/stmPhotoImshow.pdf Graphic file (type pdf)
<use ./figures/stmPhotoImshow.pdf>
Package pdftex.def Info: ./figures/stmPhotoImshow.pdf  used on input line 6.
(pdftex.def)             Requested size: 209.16046pt x 167.32686pt.


LaTeX Warning: `h' float specifier changed to `ht'.

) (./figures/stmignd.tex
<./figures/pos_neg_IGND.pdf, id=1020, 366.70473pt x 230.1104pt>
File: ./figures/pos_neg_IGND.pdf Graphic file (type pdf)
<use ./figures/pos_neg_IGND.pdf>
Package pdftex.def Info: ./figures/pos_neg_IGND.pdf  used on input line 6.
(pdftex.def)             Requested size: 252.0pt x 158.13026pt.


LaTeX Warning: `h' float specifier changed to `ht'.

) [7] (./figures/fig_ivxmos.tex
<./figures/IVX_BUFF_X4_3.pdf, id=1026, 186.69748pt x 84.315pt>
File: ./figures/IVX_BUFF_X4_3.pdf Graphic file (type pdf)
<use ./figures/IVX_BUFF_X4_3.pdf>
Package pdftex.def Info: ./figures/IVX_BUFF_X4_3.pdf  used on input line 6.
(pdftex.def)             Requested size: 258.0pt x 116.52205pt.

Overfull \hbox (6.0pt too wide) in paragraph at lines 6--7
 [][] 
 []

) (./figures/fig_dffmos.tex
<./figures/CORE65GPSVT_HS65_GS_DFPQX4.pdf, id=1027, 451.6875pt x 269.50688pt>
File: ./figures/CORE65GPSVT_HS65_GS_DFPQX4.pdf Graphic file (type pdf)
<use ./figures/CORE65GPSVT_HS65_GS_DFPQX4.pdf>
Package pdftex.def Info: ./figures/CORE65GPSVT_HS65_GS_DFPQX4.pdf  used on inpu
t line 13.
(pdftex.def)             Requested size: 516.0pt x 307.91956pt.


LaTeX Warning: `h' float specifier changed to `ht'.

)) (./0_article.bbl [8 <./figures/stmPhotoImshow.pdf> <./figures/pos_neg_IGND.p
df

pdfTeX warning: /app/texlive/bin/x86_64-linux/pdflatex (file ./figures/pos_neg_
IGND.pdf): PDF inclusion: multiple pdfs with page group included in a single pa
ge
> <./figures/IVX_BUFF_X4_3.pdf

pdfTeX warning: /app/texlive/bin/x86_64-linux/pdflatex (file ./figures/IVX_BUFF
_X4_3.pdf): PDF inclusion: multiple pdfs with page group included in a single p
age
>]) [9

 <./figures/CORE65GPSVT_HS65_GS_DFPQX4.pdf>] (./0_article.aux)
 ***********
LaTeX2e <2023-11-01> patch level 1
L3 programming layer <2024-02-20>
 ***********
 ) 
Here is how much of TeX's memory you used:
 7388 strings out of 474116
 137502 string characters out of 5745188
 1953187 words of memory out of 5000000
 29546 multiletter control sequences out of 15000+600000
 605722 words of font info for 128 fonts, out of 8000000 for 9000
 1145 hyphenation exceptions out of 8191
 94i,15n,107p,404b,520s stack positions out of 10000i,1000n,20000p,200000b,200000s
 </home/geoff/.texlive2024/texmf-var/fonts/pk/ljfour/public/skull/skull.400pk
></app/texlive/texmf-dist/fonts/type1/public/amsfonts/cm/cmmi10.pfb></app/texli
ve/texmf-dist/fonts/type1/public/amsfonts/cm/cmmi5.pfb></app/texlive/texmf-dist
/fonts/type1/public/amsfonts/cm/cmmi6.pfb></app/texlive/texmf-dist/fonts/type1/
public/amsfonts/cm/cmmi7.pfb></app/texlive/texmf-dist/fonts/type1/public/amsfon
ts/cm/cmmi8.pfb></app/texlive/texmf-dist/fonts/type1/public/amsfonts/cm/cmsy7.p
fb></app/texlive/texmf-dist/fonts/type1/public/amsfonts/latxfont/lcircle1.pfb><
/app/texlive/texmf-dist/fonts/type1/public/cm-super/sfrm1000.pfb></app/texlive/
texmf-dist/fonts/type1/urw/courier/ucrr8a.pfb></app/texlive/texmf-dist/fonts/ty
pe1/urw/helvetic/uhvr8a.pfb></app/texlive/texmf-dist/fonts/type1/urw/times/utmb
8a.pfb></app/texlive/texmf-dist/fonts/type1/urw/times/utmbi8a.pfb></app/texlive
/texmf-dist/fonts/type1/urw/times/utmr8a.pfb></app/texlive/texmf-dist/fonts/typ
e1/urw/times/utmri8a.pfb>
Output written on 0_article.pdf (9 pages, 10763633 bytes).
PDF statistics:
 1152 PDF objects out of 1200 (max. 8388607)
 522 compressed objects within 6 object streams
 0 named destinations out of 1000 (max. 500000)
 131 words of extra memory for PDF output out of 10000 (max. 10000000)

